<?xml version="1.0" encoding="UTF-8"?>
<!-- Generated by org.testng.reporters.JUnitReportReporter -->
<testsuite skipped="0" hostname="SUYPC158" name="RestAPITestCases.TC003_GET_Request" tests="1" failures="0" timestamp="27 Jun 2019 10:33:26 GMT" time="2.450" errors="0">
  <testcase name="getweatherDetails" time="2.450" classname="RestAPITestCases.TC003_GET_Request"/>
</testsuite> <!-- RestAPITestCases.TC003_GET_Request -->
