<?xml version="1.0" encoding="UTF-8"?>
<!-- Generated by org.testng.reporters.JUnitReportReporter -->
<testsuite hostname="SUYPC158" failures="0" tests="1" name="RestAPITestCases.TC001_GET_Request" time="3.406" errors="0" timestamp="12 Jul 2019 11:22:32 GMT" skipped="0">
  <testcase classname="RestAPITestCases.TC001_GET_Request" name="getweatherDetails" time="3.406"/>
</testsuite> <!-- RestAPITestCases.TC001_GET_Request -->
