<?xml version="1.0" encoding="UTF-8"?>
<!-- Generated by org.testng.reporters.JUnitReportReporter -->
<testsuite skipped="0" hostname="SUYPC158" name="TC001_GET_Request" tests="1" failures="0" timestamp="27 Jun 2019 09:07:38 GMT" time="2.244" errors="0">
  <testcase name="getweatherDetails" time="2.244" classname="TC001_GET_Request"/>
</testsuite> <!-- TC001_GET_Request -->
