<?xml version="1.0" encoding="UTF-8"?>
<!-- Generated by org.testng.reporters.JUnitReportReporter -->
<testsuite skipped="0" hostname="SUYPC158" name="RestAPITestCases.TC002_POST_Request" tests="1" failures="0" timestamp="27 Jun 2019 12:56:50 GMT" time="2.356" errors="0">
  <testcase name="postCustomerRegistration" time="2.356" classname="RestAPITestCases.TC002_POST_Request"/>
</testsuite> <!-- RestAPITestCases.TC002_POST_Request -->
